#! /c/Source/iverilog-install/bin/vvp
:ivl_version "12.0 (devel)" "(s20150603-1539-g2693dd32b)";
:ivl_delay_selection "TYPICAL";
:vpi_time_precision - 12;
:vpi_module "F:\iverilog\lib\ivl\system.vpi";
:vpi_module "F:\iverilog\lib\ivl\vhdl_sys.vpi";
:vpi_module "F:\iverilog\lib\ivl\vhdl_textio.vpi";
:vpi_module "F:\iverilog\lib\ivl\v2005_math.vpi";
:vpi_module "F:\iverilog\lib\ivl\va_math.vpi";
S_0000019cf3ecade0 .scope module, "vgaGame_tb" "vgaGame_tb" 2 3;
 .timescale -9 -12;
v0000019cf3f20900_0 .var "clk", 0 0;
v0000019cf3f211c0_0 .var "rts", 0 0;
S_0000019cf3ecaf70 .scope module, "uut" "vgaGame" 2 8, 3 2 0, S_0000019cf3ecade0;
 .timescale -9 -12;
    .port_info 0 /INPUT 1 "clk";
    .port_info 1 /INPUT 1 "rts";
    .port_info 2 /OUTPUT 1 "h_sync";
    .port_info 3 /OUTPUT 1 "v_sync";
    .port_info 4 /OUTPUT 1 "video_on";
    .port_info 5 /OUTPUT 1 "red";
    .port_info 6 /OUTPUT 1 "green";
    .port_info 7 /OUTPUT 1 "blue";
P_0000019cf3ecb100 .param/l "H_DISPLAY" 0 3 10, +C4<00000000000000000000001010000000>;
P_0000019cf3ecb138 .param/l "H_MAX" 0 3 11, +C4<00000000000000000000001100100000>;
P_0000019cf3ecb170 .param/l "V_DISPLAY" 0 3 13, +C4<00000000000000000000000111100000>;
P_0000019cf3ecb1a8 .param/l "V_MAX" 0 3 14, +C4<00000000000000000000001000001101>;
L_0000019cf3eb8330 .functor AND 1, L_0000019cf3f20400, L_0000019cf3f1ff00, C4<1>, C4<1>;
L_0000019cf3eb8410 .functor AND 1, L_0000019cf3f200e0, L_0000019cf3f21580, C4<1>, C4<1>;
L_0000019cf3eb85d0 .functor AND 1, L_0000019cf3f20ea0, L_0000019cf3f20180, C4<1>, C4<1>;
v0000019cf3ebcd90_0 .net *"_ivl_0", 31 0, L_0000019cf3f1fdc0;  1 drivers
L_0000019cf3f22dd8 .functor BUFT 1, C4<0000000000000000000000>, C4<0>, C4<0>, C4<0>;
v0000019cf3ebce30_0 .net *"_ivl_11", 21 0, L_0000019cf3f22dd8;  1 drivers
L_0000019cf3f22e20 .functor BUFT 1, C4<00000000000000000000001011110000>, C4<0>, C4<0>, C4<0>;
v0000019cf3ebced0_0 .net/2u *"_ivl_12", 31 0, L_0000019cf3f22e20;  1 drivers
v0000019cf3ebd790_0 .net *"_ivl_14", 0 0, L_0000019cf3f1ff00;  1 drivers
v0000019cf3ebd1f0_0 .net *"_ivl_17", 0 0, L_0000019cf3eb8330;  1 drivers
L_0000019cf3f22e68 .functor BUFT 1, C4<0>, C4<0>, C4<0>, C4<0>;
v0000019cf3ebc890_0 .net/2u *"_ivl_18", 0 0, L_0000019cf3f22e68;  1 drivers
L_0000019cf3f22eb0 .functor BUFT 1, C4<1>, C4<0>, C4<0>, C4<0>;
v0000019cf3ebd0b0_0 .net/2u *"_ivl_20", 0 0, L_0000019cf3f22eb0;  1 drivers
v0000019cf3ebd290_0 .net *"_ivl_24", 31 0, L_0000019cf3f20a40;  1 drivers
L_0000019cf3f22ef8 .functor BUFT 1, C4<0000000000000000000000>, C4<0>, C4<0>, C4<0>;
v0000019cf3ebd6f0_0 .net *"_ivl_27", 21 0, L_0000019cf3f22ef8;  1 drivers
L_0000019cf3f22f40 .functor BUFT 1, C4<00000000000000000000000111101010>, C4<0>, C4<0>, C4<0>;
v0000019cf3ebd330_0 .net/2u *"_ivl_28", 31 0, L_0000019cf3f22f40;  1 drivers
L_0000019cf3f22d48 .functor BUFT 1, C4<0000000000000000000000>, C4<0>, C4<0>, C4<0>;
v0000019cf3ebd3d0_0 .net *"_ivl_3", 21 0, L_0000019cf3f22d48;  1 drivers
v0000019cf3ebd470_0 .net *"_ivl_30", 0 0, L_0000019cf3f200e0;  1 drivers
v0000019cf3ebd5b0_0 .net *"_ivl_32", 31 0, L_0000019cf3f20360;  1 drivers
L_0000019cf3f22f88 .functor BUFT 1, C4<0000000000000000000000>, C4<0>, C4<0>, C4<0>;
v0000019cf3ebc930_0 .net *"_ivl_35", 21 0, L_0000019cf3f22f88;  1 drivers
L_0000019cf3f22fd0 .functor BUFT 1, C4<00000000000000000000000111101100>, C4<0>, C4<0>, C4<0>;
v0000019cf3f1f490_0 .net/2u *"_ivl_36", 31 0, L_0000019cf3f22fd0;  1 drivers
v0000019cf3f1eef0_0 .net *"_ivl_38", 0 0, L_0000019cf3f21580;  1 drivers
L_0000019cf3f22d90 .functor BUFT 1, C4<00000000000000000000001010010000>, C4<0>, C4<0>, C4<0>;
v0000019cf3f1ed10_0 .net/2u *"_ivl_4", 31 0, L_0000019cf3f22d90;  1 drivers
v0000019cf3f1f170_0 .net *"_ivl_41", 0 0, L_0000019cf3eb8410;  1 drivers
L_0000019cf3f23018 .functor BUFT 1, C4<0>, C4<0>, C4<0>, C4<0>;
v0000019cf3f1ee50_0 .net/2u *"_ivl_42", 0 0, L_0000019cf3f23018;  1 drivers
L_0000019cf3f23060 .functor BUFT 1, C4<1>, C4<0>, C4<0>, C4<0>;
v0000019cf3f1f670_0 .net/2u *"_ivl_44", 0 0, L_0000019cf3f23060;  1 drivers
v0000019cf3f1f530_0 .net *"_ivl_48", 31 0, L_0000019cf3f1fa00;  1 drivers
L_0000019cf3f230a8 .functor BUFT 1, C4<0000000000000000000000>, C4<0>, C4<0>, C4<0>;
v0000019cf3f1f710_0 .net *"_ivl_51", 21 0, L_0000019cf3f230a8;  1 drivers
L_0000019cf3f230f0 .functor BUFT 1, C4<00000000000000000000001010000000>, C4<0>, C4<0>, C4<0>;
v0000019cf3f1f5d0_0 .net/2u *"_ivl_52", 31 0, L_0000019cf3f230f0;  1 drivers
v0000019cf3f1f7b0_0 .net *"_ivl_54", 0 0, L_0000019cf3f20ea0;  1 drivers
v0000019cf3f1ef90_0 .net *"_ivl_56", 31 0, L_0000019cf3f1faa0;  1 drivers
L_0000019cf3f23138 .functor BUFT 1, C4<0000000000000000000000>, C4<0>, C4<0>, C4<0>;
v0000019cf3f1f850_0 .net *"_ivl_59", 21 0, L_0000019cf3f23138;  1 drivers
v0000019cf3f1eb30_0 .net *"_ivl_6", 0 0, L_0000019cf3f20400;  1 drivers
L_0000019cf3f23180 .functor BUFT 1, C4<00000000000000000000000111100000>, C4<0>, C4<0>, C4<0>;
v0000019cf3f1e950_0 .net/2u *"_ivl_60", 31 0, L_0000019cf3f23180;  1 drivers
v0000019cf3f1f210_0 .net *"_ivl_62", 0 0, L_0000019cf3f20180;  1 drivers
L_0000019cf3f231c8 .functor BUFT 1, C4<1>, C4<0>, C4<0>, C4<0>;
v0000019cf3f1f2b0_0 .net/2u *"_ivl_66", 0 0, L_0000019cf3f231c8;  1 drivers
L_0000019cf3f23210 .functor BUFT 1, C4<0>, C4<0>, C4<0>, C4<0>;
v0000019cf3f1e9f0_0 .net/2u *"_ivl_68", 0 0, L_0000019cf3f23210;  1 drivers
v0000019cf3f1ea90_0 .net *"_ivl_8", 31 0, L_0000019cf3f21760;  1 drivers
L_0000019cf3f232a0 .functor BUFT 1, C4<0>, C4<0>, C4<0>, C4<0>;
v0000019cf3f1f030_0 .net "blue", 0 0, L_0000019cf3f232a0;  1 drivers
v0000019cf3f1ebd0_0 .net "clk", 0 0, v0000019cf3f20900_0;  1 drivers
L_0000019cf3f23258 .functor BUFT 1, C4<0>, C4<0>, C4<0>, C4<0>;
v0000019cf3f1ec70_0 .net "green", 0 0, L_0000019cf3f23258;  1 drivers
v0000019cf3f1f3f0_0 .var "h_count", 9 0;
v0000019cf3f1f350_0 .net "h_sync", 0 0, L_0000019cf3f20540;  1 drivers
v0000019cf3f1edb0_0 .var "pixel_en", 0 0;
v0000019cf3f1f0d0_0 .net "red", 0 0, L_0000019cf3f20cc0;  1 drivers
v0000019cf3f1fb40_0 .net "rts", 0 0, v0000019cf3f211c0_0;  1 drivers
v0000019cf3f20b80_0 .var "v_count", 9 0;
v0000019cf3f20c20_0 .net "v_sync", 0 0, L_0000019cf3f20720;  1 drivers
v0000019cf3f20e00_0 .net "video_on", 0 0, L_0000019cf3eb85d0;  1 drivers
E_0000019cf3ec0fa0/0 .event negedge, v0000019cf3f1fb40_0;
E_0000019cf3ec0fa0/1 .event posedge, v0000019cf3f1ebd0_0;
E_0000019cf3ec0fa0 .event/or E_0000019cf3ec0fa0/0, E_0000019cf3ec0fa0/1;
L_0000019cf3f1fdc0 .concat [ 10 22 0 0], v0000019cf3f1f3f0_0, L_0000019cf3f22d48;
L_0000019cf3f20400 .cmp/ge 32, L_0000019cf3f1fdc0, L_0000019cf3f22d90;
L_0000019cf3f21760 .concat [ 10 22 0 0], v0000019cf3f1f3f0_0, L_0000019cf3f22dd8;
L_0000019cf3f1ff00 .cmp/gt 32, L_0000019cf3f22e20, L_0000019cf3f21760;
L_0000019cf3f20540 .functor MUXZ 1, L_0000019cf3f22eb0, L_0000019cf3f22e68, L_0000019cf3eb8330, C4<>;
L_0000019cf3f20a40 .concat [ 10 22 0 0], v0000019cf3f20b80_0, L_0000019cf3f22ef8;
L_0000019cf3f200e0 .cmp/ge 32, L_0000019cf3f20a40, L_0000019cf3f22f40;
L_0000019cf3f20360 .concat [ 10 22 0 0], v0000019cf3f20b80_0, L_0000019cf3f22f88;
L_0000019cf3f21580 .cmp/gt 32, L_0000019cf3f22fd0, L_0000019cf3f20360;
L_0000019cf3f20720 .functor MUXZ 1, L_0000019cf3f23060, L_0000019cf3f23018, L_0000019cf3eb8410, C4<>;
L_0000019cf3f1fa00 .concat [ 10 22 0 0], v0000019cf3f1f3f0_0, L_0000019cf3f230a8;
L_0000019cf3f20ea0 .cmp/gt 32, L_0000019cf3f230f0, L_0000019cf3f1fa00;
L_0000019cf3f1faa0 .concat [ 10 22 0 0], v0000019cf3f20b80_0, L_0000019cf3f23138;
L_0000019cf3f20180 .cmp/gt 32, L_0000019cf3f23180, L_0000019cf3f1faa0;
L_0000019cf3f20cc0 .functor MUXZ 1, L_0000019cf3f23210, L_0000019cf3f231c8, L_0000019cf3eb85d0, C4<>;
    .scope S_0000019cf3ecaf70;
T_0 ;
    %pushi/vec4 0, 0, 10;
    %store/vec4 v0000019cf3f1f3f0_0, 0, 10;
    %pushi/vec4 0, 0, 10;
    %store/vec4 v0000019cf3f20b80_0, 0, 10;
    %end;
    .thread T_0;
    .scope S_0000019cf3ecaf70;
T_1 ;
    %wait E_0000019cf3ec0fa0;
    %load/vec4 v0000019cf3f1fb40_0;
    %nor/r;
    %flag_set/vec4 8;
    %jmp/0xz  T_1.0, 8;
    %pushi/vec4 0, 0, 1;
    %assign/vec4 v0000019cf3f1edb0_0, 0;
    %jmp T_1.1;
T_1.0 ;
    %load/vec4 v0000019cf3f1edb0_0;
    %inv;
    %assign/vec4 v0000019cf3f1edb0_0, 0;
T_1.1 ;
    %jmp T_1;
    .thread T_1;
    .scope S_0000019cf3ecaf70;
T_2 ;
    %wait E_0000019cf3ec0fa0;
    %load/vec4 v0000019cf3f1fb40_0;
    %nor/r;
    %flag_set/vec4 8;
    %jmp/0xz  T_2.0, 8;
    %pushi/vec4 0, 0, 10;
    %assign/vec4 v0000019cf3f1f3f0_0, 0;
    %pushi/vec4 0, 0, 10;
    %assign/vec4 v0000019cf3f20b80_0, 0;
    %jmp T_2.1;
T_2.0 ;
    %load/vec4 v0000019cf3f1edb0_0;
    %flag_set/vec4 8;
    %jmp/0xz  T_2.2, 8;
    %load/vec4 v0000019cf3f1f3f0_0;
    %pad/u 32;
    %cmpi/e 799, 0, 32;
    %jmp/0xz  T_2.4, 4;
    %pushi/vec4 0, 0, 10;
    %assign/vec4 v0000019cf3f1f3f0_0, 0;
    %load/vec4 v0000019cf3f20b80_0;
    %pad/u 32;
    %cmpi/e 524, 0, 32;
    %jmp/0xz  T_2.6, 4;
    %pushi/vec4 0, 0, 10;
    %assign/vec4 v0000019cf3f20b80_0, 0;
    %jmp T_2.7;
T_2.6 ;
    %load/vec4 v0000019cf3f20b80_0;
    %addi 1, 0, 10;
    %assign/vec4 v0000019cf3f20b80_0, 0;
T_2.7 ;
    %jmp T_2.5;
T_2.4 ;
    %load/vec4 v0000019cf3f1f3f0_0;
    %addi 1, 0, 10;
    %assign/vec4 v0000019cf3f1f3f0_0, 0;
T_2.5 ;
T_2.2 ;
T_2.1 ;
    %jmp T_2;
    .thread T_2;
    .scope S_0000019cf3ecade0;
T_3 ;
    %vpi_call 2 15 "$dumpfile", "waveform.vcd" {0 0 0};
    %vpi_call 2 16 "$dumpvars", 32'sb00000000000000000000000000000000, S_0000019cf3ecade0 {0 0 0};
    %pushi/vec4 0, 0, 1;
    %store/vec4 v0000019cf3f20900_0, 0, 1;
    %pushi/vec4 0, 0, 1;
    %store/vec4 v0000019cf3f211c0_0, 0, 1;
    %delay 20000, 0;
    %pushi/vec4 1, 0, 1;
    %store/vec4 v0000019cf3f211c0_0, 0, 1;
    %delay 400000000, 0;
    %vpi_call 2 25 "$finish" {0 0 0};
    %end;
    .thread T_3;
    .scope S_0000019cf3ecade0;
T_4 ;
    %delay 5000, 0;
    %load/vec4 v0000019cf3f20900_0;
    %inv;
    %store/vec4 v0000019cf3f20900_0, 0, 1;
    %jmp T_4;
    .thread T_4;
# The file index is used to find the file name in the following table.
:file_names 4;
    "N/A";
    "<interactive>";
    "vgaGame_tb.v";
    "vgaGame.v";
