Flow report for vgaGame
Thu Mar 19 12:43:55 2026
Quartus Prime Version 20.1.0 Build 711 06/05/2020 SJ Lite Edition


---------------------
; Table of Contents ;
---------------------
  1. Legal Notice
  2. Flow Summary
  3. Flow Settings
  4. Flow Non-Default Global Settings
  5. Flow Elapsed Time
  6. Flow OS Summary
  7. Flow Log
  8. Flow Messages
  9. Flow Suppressed Messages



----------------
; Legal Notice ;
----------------
Copyright (C) 2020  Intel Corporation. All rights reserved.
Your use of Intel Corporation's design tools, logic functions 
and other software and tools, and any partner logic 
functions, and any output files from any of the foregoing 
(including device programming or simulation files), and any 
associated documentation or information are expressly subject 
to the terms and conditions of the Intel Program License 
Subscription Agreement, the Intel Quartus Prime License Agreement,
the Intel FPGA IP License Agreement, or other applicable license
agreement, including, without limitation, that your use is for
the sole purpose of programming logic devices manufactured by
Intel and sold by Intel or its authorized distributors.  Please
refer to the applicable agreement for further details, at
https://fpgasoftware.intel.com/eula.



+----------------------------------------------------------------------------------+
; Flow Summary                                                                     ;
+------------------------------------+---------------------------------------------+
; Flow Status                        ; Successful - Thu Mar 19 12:43:52 2026       ;
; Quartus Prime Version              ; 20.1.0 Build 711 06/05/2020 SJ Lite Edition ;
; Revision Name                      ; vgaGame                                     ;
; Top-level Entity Name              ; vgaGame                                     ;
; Family                             ; Cyclone 10 LP                               ;
; Device                             ; 10CL025YU256I7G                             ;
; Timing Models                      ; Final                                       ;
; Total logic elements               ; 200 / 24,624 ( < 1 % )                      ;
;     Total combinational functions  ; 200 / 24,624 ( < 1 % )                      ;
;     Dedicated logic registers      ; 72 / 24,624 ( < 1 % )                       ;
; Total registers                    ; 72                                          ;
; Total pins                         ; 7 / 151 ( 5 % )                             ;
; Total virtual pins                 ; 0                                           ;
; Total memory bits                  ; 0 / 608,256 ( 0 % )                         ;
; Embedded Multiplier 9-bit elements ; 0 / 132 ( 0 % )                             ;
; Total PLLs                         ; 0 / 4 ( 0 % )                               ;
+------------------------------------+---------------------------------------------+


+-----------------------------------------+
; Flow Settings                           ;
+-------------------+---------------------+
; Option            ; Setting             ;
+-------------------+---------------------+
; Start date & time ; 03/19/2026 12:43:31 ;
; Main task         ; Compilation         ;
; Revision Name     ; vgaGame             ;
+-------------------+---------------------+


+----------------------------------------------------------------------------------------------------+
; Flow Non-Default Global Settings                                                                   ;
+-------------------------+-------------------------------+---------------+-------------+------------+
; Assignment Name         ; Value                         ; Default Value ; Entity Name ; Section Id ;
+-------------------------+-------------------------------+---------------+-------------+------------+
; COMPILER_SIGNATURE_ID   ; 2545588140114.177391701114524 ; --            ; --          ; --         ;
; NUM_PARALLEL_PROCESSORS ; All                           ; --            ; --          ; --         ;
+-------------------------+-------------------------------+---------------+-------------+------------+


+--------------------------------------------------------------------------------------------------------------------------+
; Flow Elapsed Time                                                                                                        ;
+----------------------+--------------+-------------------------+---------------------+------------------------------------+
; Module Name          ; Elapsed Time ; Average Processors Used ; Peak Virtual Memory ; Total CPU Time (on all processors) ;
+----------------------+--------------+-------------------------+---------------------+------------------------------------+
; Analysis & Synthesis ; 00:00:10     ; 1.0                     ; 4823 MB             ; 00:00:24                           ;
; Fitter               ; 00:00:07     ; 1.2                     ; 6144 MB             ; 00:00:10                           ;
; Assembler            ; 00:00:02     ; 1.0                     ; 4694 MB             ; 00:00:01                           ;
; Timing Analyzer      ; 00:00:02     ; 1.2                     ; 4879 MB             ; 00:00:02                           ;
; Total                ; 00:00:21     ; --                      ; --                  ; 00:00:37                           ;
+----------------------+--------------+-------------------------+---------------------+------------------------------------+


+------------------------------------------------------------------------------------+
; Flow OS Summary                                                                    ;
+----------------------+------------------+------------+------------+----------------+
; Module Name          ; Machine Hostname ; OS Name    ; OS Version ; Processor type ;
+----------------------+------------------+------------+------------+----------------+
; Analysis & Synthesis ; Andrii           ; Windows 10 ; 10.0       ; x86_64         ;
; Fitter               ; Andrii           ; Windows 10 ; 10.0       ; x86_64         ;
; Assembler            ; Andrii           ; Windows 10 ; 10.0       ; x86_64         ;
; Timing Analyzer      ; Andrii           ; Windows 10 ; 10.0       ; x86_64         ;
+----------------------+------------------+------------+------------+----------------+


------------
; Flow Log ;
------------
quartus_map --read_settings_files=on --write_settings_files=off vgaGame -c vgaGame
quartus_fit --read_settings_files=off --write_settings_files=off vgaGame -c vgaGame
quartus_asm --read_settings_files=off --write_settings_files=off vgaGame -c vgaGame
quartus_sta vgaGame -c vgaGame



