Info: Starting: Create block symbol file (.bsf)
Info: qsys-generate /home/andrii/Documents/FPGA/FPGAsquareVGA/soc_system.qsys --block-symbol-file --output-directory=/home/andrii/Documents/FPGA/FPGAsquareVGA/soc_system --family="Cyclone 10 LP" --part=10CL025YU256I7G
Progress: Loading FPGAsquareVGA/soc_system.qsys
Progress: Reading input file
Progress: Adding clk_0 [clock_source 20.1]
Progress: Parameterizing module clk_0
Progress: Adding cpu [altera_nios2_gen2 20.1]
Progress: Parameterizing module cpu
Progress: Adding jtag [altera_avalon_jtag_uart 20.1]
Progress: Parameterizing module jtag
Progress: Adding pio_ball_x [altera_avalon_pio 20.1]
Progress: Parameterizing module pio_ball_x
Progress: Adding pio_ball_y [altera_avalon_pio 20.1]
Progress: Parameterizing module pio_ball_y
Progress: Adding pio_pad1_y [altera_avalon_pio 20.1]
Progress: Parameterizing module pio_pad1_y
Progress: Adding pio_pad2_y [altera_avalon_pio 20.1]
Progress: Parameterizing module pio_pad2_y
Progress: Adding ram [altera_avalon_onchip_memory2 20.1]
Progress: Parameterizing module ram
Progress: Building connections
Progress: Parameterizing connections
Progress: Validating
Progress: Done reading input file
Info: soc_system.jtag: JTAG UART IP input clock need to be at least double (2x) the operating frequency of JTAG TCK on board
Info: qsys-generate succeeded.
Info: Finished: Create block symbol file (.bsf)
Info: 
Info: Starting: Create HDL design files for synthesis
Info: qsys-generate /home/andrii/Documents/FPGA/FPGAsquareVGA/soc_system.qsys --synthesis=VERILOG --output-directory=/home/andrii/Documents/FPGA/FPGAsquareVGA/soc_system/synthesis --family="Cyclone 10 LP" --part=10CL025YU256I7G
Progress: Loading FPGAsquareVGA/soc_system.qsys
Progress: Reading input file
Progress: Adding clk_0 [clock_source 20.1]
Progress: Parameterizing module clk_0
Progress: Adding cpu [altera_nios2_gen2 20.1]
Progress: Parameterizing module cpu
Progress: Adding jtag [altera_avalon_jtag_uart 20.1]
Progress: Parameterizing module jtag
Progress: Adding pio_ball_x [altera_avalon_pio 20.1]
Progress: Parameterizing module pio_ball_x
Progress: Adding pio_ball_y [altera_avalon_pio 20.1]
Progress: Parameterizing module pio_ball_y
Progress: Adding pio_pad1_y [altera_avalon_pio 20.1]
Progress: Parameterizing module pio_pad1_y
Progress: Adding pio_pad2_y [altera_avalon_pio 20.1]
Progress: Parameterizing module pio_pad2_y
Progress: Adding ram [altera_avalon_onchip_memory2 20.1]
Progress: Parameterizing module ram
Progress: Building connections
Progress: Parameterizing connections
Progress: Validating
Progress: Done reading input file
Info: soc_system.jtag: JTAG UART IP input clock need to be at least double (2x) the operating frequency of JTAG TCK on board
Info: soc_system: Generating soc_system "soc_system" for QUARTUS_SYNTH
Info: cpu: "soc_system" instantiated altera_nios2_gen2 "cpu"
Info: jtag: Starting RTL generation for module 'soc_system_jtag'
Info: jtag:   Generation command is [exec /opt/intelFPGA_lite/20.1/quartus/linux64/perl/bin/perl -I /opt/intelFPGA_lite/20.1/quartus/linux64/perl/lib -I /opt/intelFPGA_lite/20.1/quartus/sopc_builder/bin/europa -I /opt/intelFPGA_lite/20.1/quartus/sopc_builder/bin -I /opt/intelFPGA_lite/20.1/quartus/../ip/altera/sopc_builder_ip/common -I /opt/intelFPGA_lite/20.1/quartus/../ip/altera/sopc_builder_ip/altera_avalon_jtag_uart -- /opt/intelFPGA_lite/20.1/quartus/../ip/altera/sopc_builder_ip/altera_avalon_jtag_uart/generate_rtl.pl --name=soc_system_jtag --dir=/tmp/alt0546_1032559819402625423.dir/0002_jtag_gen/ --quartus_dir=/opt/intelFPGA_lite/20.1/quartus --verilog --config=/tmp/alt0546_1032559819402625423.dir/0002_jtag_gen//soc_system_jtag_component_configuration.pl  --do_build_sim=0  ]
Info: jtag: Done RTL generation for module 'soc_system_jtag'
Info: jtag: "soc_system" instantiated altera_avalon_jtag_uart "jtag"
Info: pio_ball_x: Starting RTL generation for module 'soc_system_pio_ball_x'
Info: pio_ball_x:   Generation command is [exec /opt/intelFPGA_lite/20.1/quartus/linux64/perl/bin/perl -I /opt/intelFPGA_lite/20.1/quartus/linux64/perl/lib -I /opt/intelFPGA_lite/20.1/quartus/sopc_builder/bin/europa -I /opt/intelFPGA_lite/20.1/quartus/sopc_builder/bin -I /opt/intelFPGA_lite/20.1/quartus/../ip/altera/sopc_builder_ip/common -I /opt/intelFPGA_lite/20.1/quartus/../ip/altera/sopc_builder_ip/altera_avalon_pio -- /opt/intelFPGA_lite/20.1/quartus/../ip/altera/sopc_builder_ip/altera_avalon_pio/generate_rtl.pl --name=soc_system_pio_ball_x --dir=/tmp/alt0546_1032559819402625423.dir/0003_pio_ball_x_gen/ --quartus_dir=/opt/intelFPGA_lite/20.1/quartus --verilog --config=/tmp/alt0546_1032559819402625423.dir/0003_pio_ball_x_gen//soc_system_pio_ball_x_component_configuration.pl  --do_build_sim=0  ]
Info: pio_ball_x: Done RTL generation for module 'soc_system_pio_ball_x'
Info: pio_ball_x: "soc_system" instantiated altera_avalon_pio "pio_ball_x"
Info: ram: Starting RTL generation for module 'soc_system_ram'
Info: ram:   Generation command is [exec /opt/intelFPGA_lite/20.1/quartus/linux64/perl/bin/perl -I /opt/intelFPGA_lite/20.1/quartus/linux64/perl/lib -I /opt/intelFPGA_lite/20.1/quartus/sopc_builder/bin/europa -I /opt/intelFPGA_lite/20.1/quartus/sopc_builder/bin -I /opt/intelFPGA_lite/20.1/quartus/../ip/altera/sopc_builder_ip/common -I /opt/intelFPGA_lite/20.1/quartus/../ip/altera/sopc_builder_ip/altera_avalon_onchip_memory2 -- /opt/intelFPGA_lite/20.1/quartus/../ip/altera/sopc_builder_ip/altera_avalon_onchip_memory2/generate_rtl.pl --name=soc_system_ram --dir=/tmp/alt0546_1032559819402625423.dir/0004_ram_gen/ --quartus_dir=/opt/intelFPGA_lite/20.1/quartus --verilog --config=/tmp/alt0546_1032559819402625423.dir/0004_ram_gen//soc_system_ram_component_configuration.pl  --do_build_sim=0  ]
Info: ram: Done RTL generation for module 'soc_system_ram'
Info: ram: "soc_system" instantiated altera_avalon_onchip_memory2 "ram"
Info: avalon_st_adapter: Inserting error_adapter: error_adapter_0
Info: avalon_st_adapter_001: Inserting error_adapter: error_adapter_0
Info: avalon_st_adapter_002: Inserting error_adapter: error_adapter_0
Info: avalon_st_adapter_003: Inserting error_adapter: error_adapter_0
Info: avalon_st_adapter_004: Inserting error_adapter: error_adapter_0
Info: avalon_st_adapter_005: Inserting error_adapter: error_adapter_0
Info: avalon_st_adapter_006: Inserting error_adapter: error_adapter_0
Info: mm_interconnect_0: "soc_system" instantiated altera_mm_interconnect "mm_interconnect_0"
Info: irq_mapper: "soc_system" instantiated altera_irq_mapper "irq_mapper"
Info: rst_controller: "soc_system" instantiated altera_reset_controller "rst_controller"
Info: cpu: Starting RTL generation for module 'soc_system_cpu_cpu'
Info: cpu:   Generation command is [exec /opt/intelFPGA_lite/20.1/quartus/linux64//perl/bin/perl -I /opt/intelFPGA_lite/20.1/quartus/linux64//perl/lib -I /opt/intelFPGA_lite/20.1/quartus/sopc_builder/bin/europa -I /opt/intelFPGA_lite/20.1/quartus/sopc_builder/bin -I /opt/intelFPGA_lite/20.1/quartus/../ip/altera/nios2_ip/altera_nios2_gen2/cpu_lib -I /opt/intelFPGA_lite/20.1/quartus/../ip/altera/nios2_ip/altera_nios2_gen2/nios_lib -I /opt/intelFPGA_lite/20.1/quartus/../ip/altera/nios2_ip/altera_nios2_gen2 -I /opt/intelFPGA_lite/20.1/quartus/../ip/altera/nios2_ip/altera_nios2_gen2 -- /opt/intelFPGA_lite/20.1/quartus/../ip/altera/nios2_ip/altera_nios2_gen2/generate_rtl.pl --name=soc_system_cpu_cpu --dir=/tmp/alt0546_1032559819402625423.dir/0007_cpu_gen/ --quartus_bindir=/opt/intelFPGA_lite/20.1/quartus/linux64/ --verilog --config=/tmp/alt0546_1032559819402625423.dir/0007_cpu_gen//soc_system_cpu_cpu_processor_configuration.pl  --do_build_sim=0  ]
Info: cpu: # 2026.04.03 22:22:33 (*) Starting Nios II generation
Info: cpu: # 2026.04.03 22:22:33 (*)   Elaborating CPU configuration settings
Info: cpu: # 2026.04.03 22:22:33 (*)   Creating all objects for CPU
Info: cpu: # 2026.04.03 22:22:34 (*)   Generating RTL from CPU objects
Info: cpu: # 2026.04.03 22:22:34 (*)   Creating plain-text RTL
Info: cpu: # 2026.04.03 22:22:34 (*) Done Nios II generation
Info: cpu: Done RTL generation for module 'soc_system_cpu_cpu'
Info: cpu: "cpu" instantiated altera_nios2_gen2_unit "cpu"
Info: cpu_data_master_translator: "mm_interconnect_0" instantiated altera_merlin_master_translator "cpu_data_master_translator"
Info: jtag_avalon_jtag_slave_translator: "mm_interconnect_0" instantiated altera_merlin_slave_translator "jtag_avalon_jtag_slave_translator"
Info: cpu_data_master_agent: "mm_interconnect_0" instantiated altera_merlin_master_agent "cpu_data_master_agent"
Info: jtag_avalon_jtag_slave_agent: "mm_interconnect_0" instantiated altera_merlin_slave_agent "jtag_avalon_jtag_slave_agent"
Info: jtag_avalon_jtag_slave_agent_rsp_fifo: "mm_interconnect_0" instantiated altera_avalon_sc_fifo "jtag_avalon_jtag_slave_agent_rsp_fifo"
Info: router: "mm_interconnect_0" instantiated altera_merlin_router "router"
Info: router_001: "mm_interconnect_0" instantiated altera_merlin_router "router_001"
Info: router_002: "mm_interconnect_0" instantiated altera_merlin_router "router_002"
Info: router_003: "mm_interconnect_0" instantiated altera_merlin_router "router_003"
Info: cmd_demux: "mm_interconnect_0" instantiated altera_merlin_demultiplexer "cmd_demux"
Info: cmd_demux_001: "mm_interconnect_0" instantiated altera_merlin_demultiplexer "cmd_demux_001"
Info: cmd_mux: "mm_interconnect_0" instantiated altera_merlin_multiplexer "cmd_mux"
Info: cmd_mux_001: "mm_interconnect_0" instantiated altera_merlin_multiplexer "cmd_mux_001"
Info: Reusing file /home/andrii/Documents/FPGA/FPGAsquareVGA/soc_system/synthesis/submodules/altera_merlin_arbitrator.sv
Info: rsp_demux: "mm_interconnect_0" instantiated altera_merlin_demultiplexer "rsp_demux"
Info: rsp_mux: "mm_interconnect_0" instantiated altera_merlin_multiplexer "rsp_mux"
Info: Reusing file /home/andrii/Documents/FPGA/FPGAsquareVGA/soc_system/synthesis/submodules/altera_merlin_arbitrator.sv
Info: rsp_mux_001: "mm_interconnect_0" instantiated altera_merlin_multiplexer "rsp_mux_001"
Info: Reusing file /home/andrii/Documents/FPGA/FPGAsquareVGA/soc_system/synthesis/submodules/altera_merlin_arbitrator.sv
Info: avalon_st_adapter: "mm_interconnect_0" instantiated altera_avalon_st_adapter "avalon_st_adapter"
Info: error_adapter_0: "avalon_st_adapter" instantiated error_adapter "error_adapter_0"
Info: soc_system: Done "soc_system" with 27 modules, 40 files
Info: qsys-generate succeeded.
Info: Finished: Create HDL design files for synthesis
